Using pre-set license
Built from '2021.3/staging' branch; Version is '2021.3.8f1 (b30333d56e81) revision 11731763'; Using compiler version '192829333'; Build Type 'Release'
OS: 'Windows 10  (10.0.17134) 64bit CoreSingleLanguage' Language: 'en' Physical Memory: 8074 MB
BatchMode: 1, IsHumanControllingUs: 0, StartBugReporterOnCrash: 0, Is64bit: 1, IsPro: 1

COMMAND LINE ARGUMENTS:
C:\Program Files\Unity\Hub\Editor\2021.3.8f1\Editor\Unity.exe
-adb2
-batchMode
-noUpm
-name
AssetImportWorker0
-projectPath
C:/lectures/level1_main_backup
-logFile
Logs/AssetImportWorker0.log
-srvPort
49269
Successfully changed project path to: C:/lectures/level1_main_backup
C:/lectures/level1_main_backup
[UnityMemory] Configuration Parameters - Can be set up in boot.config
    "memorysetup-bucket-allocator-granularity=16"
    "memorysetup-bucket-allocator-bucket-count=8"
    "memorysetup-bucket-allocator-block-size=33554432"
    "memorysetup-bucket-allocator-block-count=8"
    "memorysetup-main-allocator-block-size=16777216"
    "memorysetup-thread-allocator-block-size=16777216"
    "memorysetup-gfx-main-allocator-block-size=16777216"
    "memorysetup-gfx-thread-allocator-block-size=16777216"
    "memorysetup-cache-allocator-block-size=4194304"
    "memorysetup-typetree-allocator-block-size=2097152"
    "memorysetup-profiler-bucket-allocator-granularity=16"
    "memorysetup-profiler-bucket-allocator-bucket-count=8"
    "memorysetup-profiler-bucket-allocator-block-size=33554432"
    "memorysetup-profiler-bucket-allocator-block-count=8"
    "memorysetup-profiler-allocator-block-size=16777216"
    "memorysetup-profiler-editor-allocator-block-size=1048576"
    "memorysetup-temp-allocator-size-main=16777216"
    "memorysetup-job-temp-allocator-block-size=2097152"
    "memorysetup-job-temp-allocator-block-size-background=1048576"
    "memorysetup-job-temp-allocator-reduction-small-platforms=262144"
    "memorysetup-temp-allocator-size-background-worker=32768"
    "memorysetup-temp-allocator-size-job-worker=262144"
    "memorysetup-temp-allocator-size-preload-manager=33554432"
    "memorysetup-temp-allocator-size-nav-mesh-worker=65536"
    "memorysetup-temp-allocator-size-audio-worker=65536"
    "memorysetup-temp-allocator-size-cloud-worker=32768"
    "memorysetup-temp-allocator-size-gi-baking-worker=262144"
    "memorysetup-temp-allocator-size-gfx=262144"
Refreshing native plugins compatible for Editor in 168.68 ms, found 3 plugins.
Preloading 0 native plugins for Editor in 0.00 ms.
Initialize engine version: 2021.3.8f1 (b30333d56e81)
[Subsystems] Discovering subsystems at path C:/Program Files/Unity/Hub/Editor/2021.3.8f1/Editor/Data/Resources/UnitySubsystems
[Subsystems] Discovering subsystems at path C:/lectures/level1_main_backup/Assets
GfxDevice: creating device client; threaded=0; jobified=0
Direct3D:
    Version:  Direct3D 11.0 [level 11.1]
    Renderer: Intel(R) HD Graphics 620 (ID=0x5921)
    Vendor:   Intel
    VRAM:     4037 MB
    Driver:   25.20.100.6617
Initialize mono
Mono path[0] = 'C:/Program Files/Unity/Hub/Editor/2021.3.8f1/Editor/Data/Managed'
Mono path[1] = 'C:/Program Files/Unity/Hub/Editor/2021.3.8f1/Editor/Data/MonoBleedingEdge/lib/mono/unityjit-win32'
Mono config path = 'C:/Program Files/Unity/Hub/Editor/2021.3.8f1/Editor/Data/MonoBleedingEdge/etc'
Using monoOptions --debugger-agent=transport=dt_socket,embedding=1,server=y,suspend=n,address=127.0.0.1:56844
Begin MonoManager ReloadAssembly
Registering precompiled unity dll's ...
Register platform support module: C:/Program Files/Unity/Hub/Editor/2021.3.8f1/Editor/Data/PlaybackEngines/WebGLSupport/UnityEditor.WebGL.Extensions.dll
Register platform support module: C:/Program Files/Unity/Hub/Editor/2021.3.8f1/Editor/Data/PlaybackEngines/AndroidPlayer/UnityEditor.Android.Extensions.dll
Register platform support module: C:/Program Files/Unity/Hub/Editor/2021.3.8f1/Editor/Data/PlaybackEngines/WindowsStandaloneSupport/UnityEditor.WindowsStandalone.Extensions.dll
Registered in 0.018117 seconds.
Native extension for WindowsStandalone target not found
Native extension for Android target not found
Native extension for WebGL target not found
Refreshing native plugins compatible for Editor in 162.99 ms, found 3 plugins.
Preloading 0 native plugins for Editor in 0.00 ms.
Mono: successfully reloaded assembly
- Completed reload, in  1.164 seconds
Domain Reload Profiling:
	ReloadAssembly (1165ms)
		BeginReloadAssembly (142ms)
			ExecutionOrderSort (0ms)
			DisableScriptedObjects (0ms)
			BackupInstance (0ms)
			ReleaseScriptingObjects (0ms)
			CreateAndSetChildDomain (1ms)
		EndReloadAssembly (824ms)
			LoadAssemblies (138ms)
			RebuildTransferFunctionScriptingTraits (0ms)
			SetupTypeCache (180ms)
			ReleaseScriptCaches (0ms)
			RebuildScriptCaches (48ms)
			SetupLoadedEditorAssemblies (504ms)
				LogAssemblyErrors (0ms)
				InitializePlatformSupportModulesInManaged (99ms)
				SetLoadedEditorAssemblies (0ms)
				RefreshPlugins (163ms)
				BeforeProcessingInitializeOnLoad (2ms)
				ProcessInitializeOnLoadAttributes (165ms)
				ProcessInitializeOnLoadMethodAttributes (75ms)
				AfterProcessingInitializeOnLoad (0ms)
				EditorAssembliesLoaded (0ms)
			ExecutionOrderSort2 (0ms)
			AwakeInstancesAfterBackupRestoration (0ms)
Platform modules already initialized, skipping
Registering precompiled user dll's ...
Registered in 0.015964 seconds.
Begin MonoManager ReloadAssembly
Symbol file LoadedFromMemory doesn't match image C:\lectures\level1_main_backup\Library\PackageCache\com.unity.visualscripting@1.7.8\Editor\VisualScripting.Core\Dependencies\YamlDotNet\Unity.VisualScripting.YamlDotNet.dll
Symbol file LoadedFromMemory doesn't match image C:\lectures\level1_main_backup\Library\PackageCache\com.unity.visualscripting@1.7.8\Editor\VisualScripting.Core\Dependencies\DotNetZip\Unity.VisualScripting.IonicZip.dll
Native extension for WindowsStandalone target not found
Native extension for Android target not found
Native extension for WebGL target not found
Refreshing native plugins compatible for Editor in 1.24 ms, found 3 plugins.
Preloading 0 native plugins for Editor in 0.00 ms.
Mono: successfully reloaded assembly
- Completed reload, in  2.024 seconds
Domain Reload Profiling:
	ReloadAssembly (2026ms)
		BeginReloadAssembly (303ms)
			ExecutionOrderSort (0ms)
			DisableScriptedObjects (9ms)
			BackupInstance (0ms)
			ReleaseScriptingObjects (0ms)
			CreateAndSetChildDomain (132ms)
		EndReloadAssembly (1495ms)
			LoadAssemblies (173ms)
			RebuildTransferFunctionScriptingTraits (0ms)
			SetupTypeCache (473ms)
			ReleaseScriptCaches (1ms)
			RebuildScriptCaches (91ms)
			SetupLoadedEditorAssemblies (696ms)
				LogAssemblyErrors (0ms)
				InitializePlatformSupportModulesInManaged (29ms)
				SetLoadedEditorAssemblies (1ms)
				RefreshPlugins (1ms)
				BeforeProcessingInitializeOnLoad (178ms)
				ProcessInitializeOnLoadAttributes (423ms)
				ProcessInitializeOnLoadMethodAttributes (46ms)
				AfterProcessingInitializeOnLoad (18ms)
				EditorAssembliesLoaded (0ms)
			ExecutionOrderSort2 (0ms)
			AwakeInstancesAfterBackupRestoration (13ms)
Platform modules already initialized, skipping
========================================================================
Worker process is ready to serve import requests
Launched and connected shader compiler UnityShaderCompiler.exe after 0.09 seconds
Refreshing native plugins compatible for Editor in 1.01 ms, found 3 plugins.
Preloading 0 native plugins for Editor in 0.00 ms.
Unloading 3799 Unused Serialized files (Serialized files now loaded: 0)
Unloading 28 unused Assets / (162.2 KB). Loaded Objects now: 4260.
Memory consumption went from 137.5 MB to 137.4 MB.
Total: 4.922218 ms (FindLiveObjects: 0.389777 ms CreateObjectMapping: 0.332889 ms MarkObjects: 3.981330 ms  DeleteObjects: 0.216444 ms)

AssetImportParameters requested are different than current active one (requested -> active):
  custom:video-decoder-ogg-theora: a1e56fd34408186e4bbccfd4996cb3dc -> 
  custom:container-muxer-webm: aa71ff27fc2769a1b78a27578f13a17b -> 
  custom:container-demuxer-webm: 4f35f7cbe854078d1ac9338744f61a02 -> 
  custom:video-encoder-webm-vp8: eb34c28f22e8b96e1ab97ce403110664 -> 
  custom:audio-encoder-webm-vorbis: bf7c407c2cedff20999df2af8eb42d56 -> 
  custom:framework-win-MediaFoundation: 216162199b28c13a410421893ffa2e32 -> 
  custom:container-demuxer-ogg: 62fdf1f143b41e24485cea50d1cbac27 -> 
  custom:video-decoder-webm-vp8: 9c59270c3fd7afecdb556c50c9e8de78 -> 
  custom:audio-decoder-ogg-vorbis: bf7c407c2cedff20999df2af8eb42d56 -> 
========================================================================
Received Import Request.
  Time since last request: 14012.046661 seconds.
  path: Assets/asdasd/NEW/older-castle-ruins/big_leafies.mat
  artifactKey: Guid(46d7a13aae804e54fae4914b4892f12f) Importer(815301076,1909f56bfc062723c751e8b465ee728b)
Start importing Assets/asdasd/NEW/older-castle-ruins/big_leafies.mat using Guid(46d7a13aae804e54fae4914b4892f12f) Importer(815301076,1909f56bfc062723c751e8b465ee728b)  -> (artifact id: '190caeda7802cd4a2eac1e6360320ca4') in 1.291378 seconds 
========================================================================
Received Import Request.
  Time since last request: 0.000032 seconds.
  path: Assets/asdasd/NEW/older-castle-ruins/ground6.mat
  artifactKey: Guid(73d722087e669134e9de8d74c97a3424) Importer(815301076,1909f56bfc062723c751e8b465ee728b)
Start importing Assets/asdasd/NEW/older-castle-ruins/ground6.mat using Guid(73d722087e669134e9de8d74c97a3424) Importer(815301076,1909f56bfc062723c751e8b465ee728b)  -> (artifact id: '513a336bf603442fb0d2d4ba58f81b38') in 0.021816 seconds 
========================================================================
Received Import Request.
  Time since last request: 0.000040 seconds.
  path: Assets/asdasd/NEW/older-castle-ruins/doors.mat
  artifactKey: Guid(1ab8b2ca66f4e444b96423ca454d54cc) Importer(815301076,1909f56bfc062723c751e8b465ee728b)
Start importing Assets/asdasd/NEW/older-castle-ruins/doors.mat using Guid(1ab8b2ca66f4e444b96423ca454d54cc) Importer(815301076,1909f56bfc062723c751e8b465ee728b)  -> (artifact id: '0129164031e41d713634d24a67ef5a94') in 0.020905 seconds 
========================================================================
Received Import Request.
  Time since last request: 0.000028 seconds.
  path: Assets/asdasd/NEW/older-castle-ruins/trees1.mat
  artifactKey: Guid(5a10cd3c5b8280e43b584c08c3253e49) Importer(815301076,1909f56bfc062723c751e8b465ee728b)
Start importing Assets/asdasd/NEW/older-castle-ruins/trees1.mat using Guid(5a10cd3c5b8280e43b584c08c3253e49) Importer(815301076,1909f56bfc062723c751e8b465ee728b)  -> (artifact id: '96c07ebc7bf6149ca12fef6fbb56bc35') in 1.073610 seconds 
========================================================================
Received Import Request.
  Time since last request: 0.000047 seconds.
  path: Assets/asdasd/NEW/older-castle-ruins/walldoor.mat
  artifactKey: Guid(b82cd18f71b9cf54d97dc53f55480fd4) Importer(815301076,1909f56bfc062723c751e8b465ee728b)
Start importing Assets/asdasd/NEW/older-castle-ruins/walldoor.mat using Guid(b82cd18f71b9cf54d97dc53f55480fd4) Importer(815301076,1909f56bfc062723c751e8b465ee728b)  -> (artifact id: '35330d162a3525f2c9015cfd26869fa4') in 0.028042 seconds 
========================================================================
Received Import Request.
  Time since last request: 0.000063 seconds.
  path: Assets/asdasd/NEW/older-castle-ruins/tiles.mat
  artifactKey: Guid(2f7dc9dd4a2069c4c9197d50f86a73ed) Importer(815301076,1909f56bfc062723c751e8b465ee728b)
Start importing Assets/asdasd/NEW/older-castle-ruins/tiles.mat using Guid(2f7dc9dd4a2069c4c9197d50f86a73ed) Importer(815301076,1909f56bfc062723c751e8b465ee728b)  -> (artifact id: '5b37d2210269984b78469690702bc95c') in 0.027854 seconds 
========================================================================
Received Import Request.
  Time since last request: 0.000030 seconds.
  path: Assets/asdasd/NEW/older-castle-ruins/muchrooms1.mat
  artifactKey: Guid(4cd2099eb3121a547a68f0482b562c45) Importer(815301076,1909f56bfc062723c751e8b465ee728b)
Start importing Assets/asdasd/NEW/older-castle-ruins/muchrooms1.mat using Guid(4cd2099eb3121a547a68f0482b562c45) Importer(815301076,1909f56bfc062723c751e8b465ee728b)  -> (artifact id: 'afebcabd1e0086c20ac4d8f1ed838641') in 0.028553 seconds 
========================================================================
Received Import Request.
  Time since last request: 0.000040 seconds.
  path: Assets/asdasd/NEW/older-castle-ruins/lightpost_on.mat
  artifactKey: Guid(b3fdefd5be4dc6a4b8e2cbb43368b409) Importer(815301076,1909f56bfc062723c751e8b465ee728b)
Start importing Assets/asdasd/NEW/older-castle-ruins/lightpost_on.mat using Guid(b3fdefd5be4dc6a4b8e2cbb43368b409) Importer(815301076,1909f56bfc062723c751e8b465ee728b)  -> (artifact id: '4db397b32adf60e8ebc8f8fd5e048b65') in 0.024439 seconds 
========================================================================
Received Import Request.
  Time since last request: 0.000030 seconds.
  path: Assets/asdasd/NEW/older-castle-ruins/castle_gate.mat
  artifactKey: Guid(274b0fd0c2a3f1d4a96418ac018635da) Importer(815301076,1909f56bfc062723c751e8b465ee728b)
Start importing Assets/asdasd/NEW/older-castle-ruins/castle_gate.mat using Guid(274b0fd0c2a3f1d4a96418ac018635da) Importer(815301076,1909f56bfc062723c751e8b465ee728b)  -> (artifact id: '42bea9ba8408d83235439c7d71b31014') in 0.023819 seconds 
========================================================================
Received Import Request.
  Time since last request: 0.000048 seconds.
  path: Assets/asdasd/NEW/older-castle-ruins/towers1.mat
  artifactKey: Guid(67dd737dbf9bffb44ad5868d66ade6a3) Importer(815301076,1909f56bfc062723c751e8b465ee728b)
Start importing Assets/asdasd/NEW/older-castle-ruins/towers1.mat using Guid(67dd737dbf9bffb44ad5868d66ade6a3) Importer(815301076,1909f56bfc062723c751e8b465ee728b)  -> (artifact id: 'e125819067a4aa14b3e4ec6d02d990a6') in 0.023920 seconds 
========================================================================
Received Import Request.
  Time since last request: 0.000040 seconds.
  path: Assets/asdasd/NEW/older-castle-ruins/gate2.mat
  artifactKey: Guid(1a49bc6aa48d4ae48a357eb3e9316005) Importer(815301076,1909f56bfc062723c751e8b465ee728b)
Start importing Assets/asdasd/NEW/older-castle-ruins/gate2.mat using Guid(1a49bc6aa48d4ae48a357eb3e9316005) Importer(815301076,1909f56bfc062723c751e8b465ee728b)  -> (artifact id: '04337d3788afdc9775adac76bc134a76') in 0.023329 seconds 
========================================================================
Received Import Request.
  Time since last request: 0.000043 seconds.
  path: Assets/asdasd/NEW/older-castle-ruins/grass1.mat
  artifactKey: Guid(61414c756350fe84e96dc8e30ec072eb) Importer(815301076,1909f56bfc062723c751e8b465ee728b)
Start importing Assets/asdasd/NEW/older-castle-ruins/grass1.mat using Guid(61414c756350fe84e96dc8e30ec072eb) Importer(815301076,1909f56bfc062723c751e8b465ee728b)  -> (artifact id: 'f6f11699094ee059199ea3f05d7015d4') in 0.024454 seconds 
========================================================================
Received Import Request.
  Time since last request: 0.000040 seconds.
  path: Assets/asdasd/NEW/older-castle-ruins/leaves1.mat
  artifactKey: Guid(a547d9dddeb975a40b4dbb709427d1c4) Importer(815301076,1909f56bfc062723c751e8b465ee728b)
Start importing Assets/asdasd/NEW/older-castle-ruins/leaves1.mat using Guid(a547d9dddeb975a40b4dbb709427d1c4) Importer(815301076,1909f56bfc062723c751e8b465ee728b)  -> (artifact id: '5f06036f58801b1e0c4979ce964447cc') in 0.019945 seconds 
========================================================================
Received Import Request.
  Time since last request: 0.000040 seconds.
  path: Assets/asdasd/NEW/older-castle-ruins/lightpost_off.mat
  artifactKey: Guid(4385cb9d5aafed242a7253f682d5865d) Importer(815301076,1909f56bfc062723c751e8b465ee728b)
Start importing Assets/asdasd/NEW/older-castle-ruins/lightpost_off.mat using Guid(4385cb9d5aafed242a7253f682d5865d) Importer(815301076,1909f56bfc062723c751e8b465ee728b)  -> (artifact id: '170062158f1f790d0a3123c9b5ace5c7') in 0.020548 seconds 
========================================================================
Received Import Request.
  Time since last request: 82.156561 seconds.
  path: Assets/asdasd/realtime-grass/source
  artifactKey: Guid(fa95f3c6795cbc044944921721f76844) Importer(815301076,1909f56bfc062723c751e8b465ee728b)
Start importing Assets/asdasd/realtime-grass/source using Guid(fa95f3c6795cbc044944921721f76844) Importer(815301076,1909f56bfc062723c751e8b465ee728b)  -> (artifact id: '390cfb800b39b45d62d32ce4c620e3dd') in 0.014584 seconds 
========================================================================
Received Import Request.
  Time since last request: 0.021087 seconds.
  path: Assets/asdasd/realtime-grass/source/FInal.fbx
  artifactKey: Guid(5d5af0871820387468cecec9ff9e7ae2) Importer(815301076,1909f56bfc062723c751e8b465ee728b)
Start importing Assets/asdasd/realtime-grass/source/FInal.fbx using Guid(5d5af0871820387468cecec9ff9e7ae2) Importer(815301076,1909f56bfc062723c751e8b465ee728b)  -> (artifact id: '029451b37ac68f2e7c380af203e22023') in 0.570504 seconds 
========================================================================
Received Import Request.
  Time since last request: 100.679263 seconds.
  path: Assets/asdasd/NEW/assorted-old-pots/Materials/Pottery_2K_Albedo.mat
  artifactKey: Guid(3437e1b46a0af4f4c902678ab021010f) Importer(815301076,1909f56bfc062723c751e8b465ee728b)
Start importing Assets/asdasd/NEW/assorted-old-pots/Materials/Pottery_2K_Albedo.mat using Guid(3437e1b46a0af4f4c902678ab021010f) Importer(815301076,1909f56bfc062723c751e8b465ee728b)  -> (artifact id: '0a2f4a1bb83164d8e30cc659abeebfb0') in 0.432369 seconds 
